D:\DOCUMENTS\VISUAL STUDIO 2012\PROJECTS\0626SERVER\0626SERVER\DEBUG\IOCPSERVER.OBJ
D:\DOCUMENTS\VISUAL STUDIO 2012\PROJECTS\0626SERVER\0626SERVER\DEBUG\TCPKERNEL.OBJ
D:\DOCUMENTS\VISUAL STUDIO 2012\PROJECTS\0626SERVER\0626SERVER\DEBUG\CMYSQL.OBJ
D:\DOCUMENTS\VISUAL STUDIO 2012\PROJECTS\0626SERVER\0626SERVER\DEBUG\MAIN.OBJ
D:\DOCUMENTS\VISUAL STUDIO 2012\PROJECTS\0626SERVER\0626SERVER\DEBUG\VC110.PDB
D:\DOCUMENTS\VISUAL STUDIO 2012\PROJECTS\0626SERVER\DEBUG\0626SERVER.ILK
D:\DOCUMENTS\VISUAL STUDIO 2012\PROJECTS\0626SERVER\DEBUG\0626SERVER.EXE
D:\DOCUMENTS\VISUAL STUDIO 2012\PROJECTS\0626SERVER\DEBUG\0626SERVER.PDB
D:\Documents\Visual Studio 2012\Projects\0626Server\0626Server\Debug\CMySql.obj
D:\Documents\Visual Studio 2012\Projects\0626Server\0626Server\Debug\IOCPServer.obj
D:\Documents\Visual Studio 2012\Projects\0626Server\0626Server\Debug\main.obj
D:\Documents\Visual Studio 2012\Projects\0626Server\0626Server\Debug\TCPKernel.obj
D:\Documents\Visual Studio 2012\Projects\0626Server\0626Server\Debug\cl.command.1.tlog
D:\Documents\Visual Studio 2012\Projects\0626Server\0626Server\Debug\CL.read.1.tlog
D:\Documents\Visual Studio 2012\Projects\0626Server\0626Server\Debug\CL.write.1.tlog
D:\Documents\Visual Studio 2012\Projects\0626Server\0626Server\Debug\link-cvtres.read.1.tlog
D:\Documents\Visual Studio 2012\Projects\0626Server\0626Server\Debug\link-cvtres.write.1.tlog
D:\Documents\Visual Studio 2012\Projects\0626Server\0626Server\Debug\link-rc.read.1.tlog
D:\Documents\Visual Studio 2012\Projects\0626Server\0626Server\Debug\link-rc.write.1.tlog
D:\Documents\Visual Studio 2012\Projects\0626Server\0626Server\Debug\link.command.1.tlog
D:\Documents\Visual Studio 2012\Projects\0626Server\0626Server\Debug\link.read.1.tlog
D:\Documents\Visual Studio 2012\Projects\0626Server\0626Server\Debug\link.write.1.tlog
D:\Documents\Visual Studio 2012\Projects\0626Server\0626Server\Debug\vc110.idb
D:\Documents\Visual Studio 2012\Projects\0626Server\0626Server\Debug\vc110.pdb
D:\Documents\Visual Studio 2012\Projects\0626Server\Debug\0626Server.pdb
D:\Documents\Visual Studio 2012\Projects\0626Server\Debug\0626Server.exe
D:\Documents\Visual Studio 2012\Projects\0626Server\Debug\0626Server.ilk
